# JRE version: OpenJDK Runtime Environment (8.0_112-b06) (build 1.8.0_112-release-b06)
# Java VM: OpenJDK 64-Bit Server VM (25.112-b06 mixed mode linux-amd64 compressed oops)
Heap:
 PSYoungGen      total 423936K, used 29395K [0x00000000e0000000, 0x0000000100000000, 0x0000000100000000)
  eden space 378880K, 0% used [0x00000000e0000000,0x00000000e0000000,0x00000000f7200000)
  from space 45056K, 65% used [0x00000000f7200000,0x00000000f8eb4ec0,0x00000000f9e00000)
  to   space 68608K, 0% used [0x00000000fbd00000,0x00000000fbd00000,0x0000000100000000)
 ParOldGen       total 166912K, used 166723K [0x00000000a0000000, 0x00000000aa300000, 0x00000000e0000000)
  object space 166912K, 99% used [0x00000000a0000000,0x00000000aa2d0cd8,0x00000000aa300000)
 Metaspace       used 76244K, capacity 78660K, committed 79104K, reserved 1118208K
  class space    used 9646K, capacity 10143K, committed 10240K, reserved 1048576K
GC Heap History (10 events):
Event: 21,005 GC heap after
Heap after GC invocations=16 (full 3):
 PSYoungGen      total 253952K, used 27670K [0x00000000e0000000, 0x00000000f7680000, 0x0000000100000000)
  eden space 206336K, 0% used [0x00000000e0000000,0x00000000e0000000,0x00000000ec980000)
  from space 47616K, 58% used [0x00000000ec980000,0x00000000ee4858e0,0x00000000ef800000)
  to   space 48128K, 0% used [0x00000000f4780000,0x00000000f4780000,0x00000000f7680000)
 ParOldGen       total 151552K, used 92582K [0x00000000a0000000, 0x00000000a9400000, 0x00000000e0000000)
  object space 151552K, 61% used [0x00000000a0000000,0x00000000a5a699f0,0x00000000a9400000)
 Metaspace       used 64154K, capacity 66110K, committed 66304K, reserved 1105920K
  class space    used 8481K, capacity 8916K, committed 8960K, reserved 1048576K
}
Event: 22,584 GC heap before
{Heap before GC invocations=17 (full 3):
 PSYoungGen      total 253952K, used 234006K [0x00000000e0000000, 0x00000000f7680000, 0x0000000100000000)
  eden space 206336K, 100% used [0x00000000e0000000,0x00000000ec980000,0x00000000ec980000)
  from space 47616K, 58% used [0x00000000ec980000,0x00000000ee4858e0,0x00000000ef800000)
  to   space 48128K, 0% used [0x00000000f4780000,0x00000000f4780000,0x00000000f7680000)
 ParOldGen       total 151552K, used 92582K [0x00000000a0000000, 0x00000000a9400000, 0x00000000e0000000)
  object space 151552K, 61% used [0x00000000a0000000,0x00000000a5a699f0,0x00000000a9400000)
 Metaspace       used 67745K, capacity 69862K, committed 70016K, reserved 1110016K
  class space    used 8846K, capacity 9312K, committed 9344K, reserved 1048576K
Event: 22,643 GC heap after
Heap after GC invocations=17 (full 3):
 PSYoungGen      total 333312K, used 12036K [0x00000000e0000000, 0x00000000f7400000, 0x0000000100000000)
  eden space 287744K, 0% used [0x00000000e0000000,0x00000000e0000000,0x00000000f1900000)
  from space 45568K, 26% used [0x00000000f4780000,0x00000000f5341088,0x00000000f7400000)
  to   space 46592K, 0% used [0x00000000f1900000,0x00000000f1900000,0x00000000f4680000)
 ParOldGen       total 151552K, used 117566K [0x00000000a0000000, 0x00000000a9400000, 0x00000000e0000000)
  object space 151552K, 77% used [0x00000000a0000000,0x00000000a72cfb10,0x00000000a9400000)
 Metaspace       used 67745K, capacity 69862K, committed 70016K, reserved 1110016K
  class space    used 8846K, capacity 9312K, committed 9344K, reserved 1048576K
}
Event: 24,967 GC heap before
{Heap before GC invocations=18 (full 3):
 PSYoungGen      total 333312K, used 299469K [0x00000000e0000000, 0x00000000f7400000, 0x0000000100000000)
  eden space 287744K, 99% used [0x00000000e0000000,0x00000000f18b26c8,0x00000000f1900000)
  from space 45568K, 26% used [0x00000000f4780000,0x00000000f5341088,0x00000000f7400000)
  to   space 46592K, 0% used [0x00000000f1900000,0x00000000f1900000,0x00000000f4680000)
 ParOldGen       total 151552K, used 117566K [0x00000000a0000000, 0x00000000a9400000, 0x00000000e0000000)
  object space 151552K, 77% used [0x00000000a0000000,0x00000000a72cfb10,0x00000000a9400000)
 Metaspace       used 69517K, capacity 71610K, committed 72064K, reserved 1112064K
  class space    used 9027K, capacity 9488K, committed 9600K, reserved 1048576K
Event: 24,979 GC heap after
Heap after GC invocations=18 (full 3):
 PSYoungGen      total 334336K, used 5237K [0x00000000e0000000, 0x00000000fd800000, 0x0000000100000000)
  eden space 287744K, 0% used [0x00000000e0000000,0x00000000e0000000,0x00000000f1900000)
  from space 46592K, 11% used [0x00000000f1900000,0x00000000f1e1d770,0x00000000f4680000)
  to   space 46080K, 0% used [0x00000000fab00000,0x00000000fab00000,0x00000000fd800000)
 ParOldGen       total 151552K, used 122655K [0x00000000a0000000, 0x00000000a9400000, 0x00000000e0000000)
  object space 151552K, 80% used [0x00000000a0000000,0x00000000a77c7f90,0x00000000a9400000)
 Metaspace       used 69517K, capacity 71610K, committed 72064K, reserved 1112064K
  class space    used 9027K, capacity 9488K, committed 9600K, reserved 1048576K
}
Event: 1658,257 GC heap before
{Heap before GC invocations=19 (full 3):
 PSYoungGen      total 334336K, used 292981K [0x00000000e0000000, 0x00000000fd800000, 0x0000000100000000)
  eden space 287744K, 100% used [0x00000000e0000000,0x00000000f1900000,0x00000000f1900000)
  from space 46592K, 11% used [0x00000000f1900000,0x00000000f1e1d770,0x00000000f4680000)
  to   space 46080K, 0% used [0x00000000fab00000,0x00000000fab00000,0x00000000fd800000)
 ParOldGen       total 151552K, used 122655K [0x00000000a0000000, 0x00000000a9400000, 0x00000000e0000000)
  object space 151552K, 80% used [0x00000000a0000000,0x00000000a77c7f90,0x00000000a9400000)
 Metaspace       used 72057K, capacity 74296K, committed 74496K, reserved 1114112K
  class space    used 9202K, capacity 9679K, committed 9728K, reserved 1048576K
Event: 1658,278 GC heap after
Heap after GC invocations=19 (full 3):
 PSYoungGen      total 410624K, used 6669K [0x00000000e0000000, 0x00000000fca00000, 0x0000000100000000)
  eden space 378880K, 0% used [0x00000000e0000000,0x00000000e0000000,0x00000000f7200000)
  from space 31744K, 21% used [0x00000000fab00000,0x00000000fb1835e8,0x00000000fca00000)
  to   space 45056K, 0% used [0x00000000f7200000,0x00000000f7200000,0x00000000f9e00000)
 ParOldGen       total 151552K, used 123556K [0x00000000a0000000, 0x00000000a9400000, 0x00000000e0000000)
  object space 151552K, 81% used [0x00000000a0000000,0x00000000a78a9010,0x00000000a9400000)
 Metaspace       used 72057K, capacity 74296K, committed 74496K, reserved 1114112K
  class space    used 9202K, capacity 9679K, committed 9728K, reserved 1048576K
}
Event: 1754,979 GC heap before
{Heap before GC invocations=20 (full 3):
 PSYoungGen      total 410624K, used 385549K [0x00000000e0000000, 0x00000000fca00000, 0x0000000100000000)
  eden space 378880K, 100% used [0x00000000e0000000,0x00000000f7200000,0x00000000f7200000)
  from space 31744K, 21% used [0x00000000fab00000,0x00000000fb1835e8,0x00000000fca00000)
  to   space 45056K, 0% used [0x00000000f7200000,0x00000000f7200000,0x00000000f9e00000)
 ParOldGen       total 151552K, used 123556K [0x00000000a0000000, 0x00000000a9400000, 0x00000000e0000000)
  object space 151552K, 81% used [0x00000000a0000000,0x00000000a78a9010,0x00000000a9400000)
 Metaspace       used 76474K, capacity 79028K, committed 79104K, reserved 1118208K
  class space    used 9682K, capacity 10211K, committed 10240K, reserved 1048576K
Event: 1755,067 GC heap after
Heap after GC invocations=20 (full 3):
 PSYoungGen      total 423936K, used 45051K [0x00000000e0000000, 0x0000000100000000, 0x0000000100000000)
  eden space 378880K, 0% used [0x00000000e0000000,0x00000000e0000000,0x00000000f7200000)
  from space 45056K, 99% used [0x00000000f7200000,0x00000000f9dfedd0,0x00000000f9e00000)
  to   space 68608K, 0% used [0x00000000fbd00000,0x00000000fbd00000,0x0000000100000000)
 ParOldGen       total 166912K, used 166626K [0x00000000a0000000, 0x00000000aa300000, 0x00000000e0000000)
  object space 166912K, 99% used [0x00000000a0000000,0x00000000aa2b8980,0x00000000aa300000)
 Metaspace       used 76474K, capacity 79028K, committed 79104K, reserved 1118208K
  class space    used 9682K, capacity 10211K, committed 10240K, reserved 1048576K
}
Event: 1755,067 GC heap before
{Heap before GC invocations=21 (full 4):
 PSYoungGen      total 423936K, used 45051K [0x00000000e0000000, 0x0000000100000000, 0x0000000100000000)
  eden space 378880K, 0% used [0x00000000e0000000,0x00000000e0000000,0x00000000f7200000)
  from space 45056K, 99% used [0x00000000f7200000,0x00000000f9dfedd0,0x00000000f9e00000)
  to   space 68608K, 0% used [0x00000000fbd00000,0x00000000fbd00000,0x0000000100000000)
 ParOldGen       total 166912K, used 166626K [0x00000000a0000000, 0x00000000aa300000, 0x00000000e0000000)
  object space 166912K, 99% used [0x00000000a0000000,0x00000000aa2b8980,0x00000000aa300000)
 Metaspace       used 76474K, capacity 79028K, committed 79104K, reserved 1118208K
  class space    used 9682K, capacity 10211K, committed 10240K, reserved 1048576K

