# JRE version: OpenJDK Runtime Environment (8.0_152-b01) (build 1.8.0_152-release-915-b01)
# Java VM: OpenJDK 64-Bit Server VM (25.152-b01 mixed mode linux-amd64 compressed oops)
Heap:
 PSYoungGen      total 373248K, used 0K [0x00000000e0000000, 0x00000000ff680000, 0x0000000100000000)
  eden space 243200K, 0% used [0x00000000e0000000,0x00000000e0000000,0x00000000eed80000)
  from space 130048K, 0% used [0x00000000f7780000,0x00000000f7780000,0x00000000ff680000)
  to   space 135680K, 0% used [0x00000000eed80000,0x00000000eed80000,0x00000000f7200000)
 ParOldGen       total 644608K, used 561016K [0x00000000a0000000, 0x00000000c7580000, 0x00000000e0000000)
  object space 644608K, 87% used [0x00000000a0000000,0x00000000c23de1f8,0x00000000c7580000)
 Metaspace       used 96236K, capacity 100769K, committed 100952K, reserved 1136640K
  class space    used 11852K, capacity 12877K, committed 12928K, reserved 1048576K
GC Heap History (10 events):
Event: 2240,019 GC heap after
Heap after GC invocations=39 (full 7):
 PSYoungGen      total 370688K, used 0K [0x00000000e0000000, 0x0000000100000000, 0x0000000100000000)
  eden space 250880K, 0% used [0x00000000e0000000,0x00000000e0000000,0x00000000ef500000)
  from space 119808K, 0% used [0x00000000f8b00000,0x00000000f8b00000,0x0000000100000000)
  to   space 136704K, 0% used [0x00000000ef500000,0x00000000ef500000,0x00000000f7a80000)
 ParOldGen       total 644608K, used 440849K [0x00000000a0000000, 0x00000000c7580000, 0x00000000e0000000)
  object space 644608K, 68% used [0x00000000a0000000,0x00000000bae84508,0x00000000c7580000)
 Metaspace       used 92407K, capacity 96467K, committed 96856K, reserved 1134592K
  class space    used 11384K, capacity 12290K, committed 12416K, reserved 1048576K
}
Event: 2409,214 GC heap before
{Heap before GC invocations=40 (full 7):
 PSYoungGen      total 370688K, used 250880K [0x00000000e0000000, 0x0000000100000000, 0x0000000100000000)
  eden space 250880K, 100% used [0x00000000e0000000,0x00000000ef500000,0x00000000ef500000)
  from space 119808K, 0% used [0x00000000f8b00000,0x00000000f8b00000,0x0000000100000000)
  to   space 136704K, 0% used [0x00000000ef500000,0x00000000ef500000,0x00000000f7a80000)
 ParOldGen       total 644608K, used 440849K [0x00000000a0000000, 0x00000000c7580000, 0x00000000e0000000)
  object space 644608K, 68% used [0x00000000a0000000,0x00000000bae84508,0x00000000c7580000)
 Metaspace       used 92598K, capacity 96787K, committed 97112K, reserved 1134592K
  class space    used 11402K, capacity 12342K, committed 12416K, reserved 1048576K
Event: 2409,229 GC heap after
Heap after GC invocations=40 (full 7):
 PSYoungGen      total 387584K, used 8298K [0x00000000e0000000, 0x0000000100000000, 0x0000000100000000)
  eden space 250880K, 0% used [0x00000000e0000000,0x00000000e0000000,0x00000000ef500000)
  from space 136704K, 6% used [0x00000000ef500000,0x00000000efd1aac8,0x00000000f7a80000)
  to   space 131584K, 0% used [0x00000000f7f80000,0x00000000f7f80000,0x0000000100000000)
 ParOldGen       total 644608K, used 440857K [0x00000000a0000000, 0x00000000c7580000, 0x00000000e0000000)
  object space 644608K, 68% used [0x00000000a0000000,0x00000000bae86508,0x00000000c7580000)
 Metaspace       used 92598K, capacity 96787K, committed 97112K, reserved 1134592K
  class space    used 11402K, capacity 12342K, committed 12416K, reserved 1048576K
}
Event: 2411,148 GC heap before
{Heap before GC invocations=41 (full 7):
 PSYoungGen      total 387584K, used 259178K [0x00000000e0000000, 0x0000000100000000, 0x0000000100000000)
  eden space 250880K, 100% used [0x00000000e0000000,0x00000000ef500000,0x00000000ef500000)
  from space 136704K, 6% used [0x00000000ef500000,0x00000000efd1aac8,0x00000000f7a80000)
  to   space 131584K, 0% used [0x00000000f7f80000,0x00000000f7f80000,0x0000000100000000)
 ParOldGen       total 644608K, used 440857K [0x00000000a0000000, 0x00000000c7580000, 0x00000000e0000000)
  object space 644608K, 68% used [0x00000000a0000000,0x00000000bae86508,0x00000000c7580000)
 Metaspace       used 95409K, capacity 99623K, committed 99672K, reserved 1136640K
  class space    used 11697K, capacity 12656K, committed 12672K, reserved 1048576K
Event: 2411,233 GC heap after
Heap after GC invocations=41 (full 7):
 PSYoungGen      total 373248K, used 86211K [0x00000000e0000000, 0x0000000100000000, 0x0000000100000000)
  eden space 241664K, 0% used [0x00000000e0000000,0x00000000e0000000,0x00000000eec00000)
  from space 131584K, 65% used [0x00000000f7f80000,0x00000000fd3b0c10,0x0000000100000000)
  to   space 141312K, 0% used [0x00000000eec00000,0x00000000eec00000,0x00000000f7600000)
 ParOldGen       total 644608K, used 448191K [0x00000000a0000000, 0x00000000c7580000, 0x00000000e0000000)
  object space 644608K, 69% used [0x00000000a0000000,0x00000000bb5afc98,0x00000000c7580000)
 Metaspace       used 95409K, capacity 99623K, committed 99672K, reserved 1136640K
  class space    used 11697K, capacity 12656K, committed 12672K, reserved 1048576K
}
Event: 2412,560 GC heap before
{Heap before GC invocations=42 (full 7):
 PSYoungGen      total 373248K, used 327875K [0x00000000e0000000, 0x0000000100000000, 0x0000000100000000)
  eden space 241664K, 100% used [0x00000000e0000000,0x00000000eec00000,0x00000000eec00000)
  from space 131584K, 65% used [0x00000000f7f80000,0x00000000fd3b0c10,0x0000000100000000)
  to   space 141312K, 0% used [0x00000000eec00000,0x00000000eec00000,0x00000000f7600000)
 ParOldGen       total 644608K, used 448191K [0x00000000a0000000, 0x00000000c7580000, 0x00000000e0000000)
  object space 644608K, 69% used [0x00000000a0000000,0x00000000bb5afc98,0x00000000c7580000)
 Metaspace       used 96001K, capacity 100223K, committed 100312K, reserved 1136640K
  class space    used 11814K, capacity 12788K, committed 12800K, reserved 1048576K
Event: 2412,682 GC heap after
Heap after GC invocations=42 (full 7):
 PSYoungGen      total 382976K, used 62624K [0x00000000e0000000, 0x0000000100000000, 0x0000000100000000)
  eden space 241664K, 0% used [0x00000000e0000000,0x00000000e0000000,0x00000000eec00000)
  from space 141312K, 44% used [0x00000000eec00000,0x00000000f2928188,0x00000000f7600000)
  to   space 139776K, 0% used [0x00000000f7780000,0x00000000f7780000,0x0000000100000000)
 ParOldGen       total 644608K, used 524849K [0x00000000a0000000, 0x00000000c7580000, 0x00000000e0000000)
  object space 644608K, 81% used [0x00000000a0000000,0x00000000c008c468,0x00000000c7580000)
 Metaspace       used 96001K, capacity 100223K, committed 100312K, reserved 1136640K
  class space    used 11814K, capacity 12788K, committed 12800K, reserved 1048576K
}
Event: 2496,809 GC heap before
{Heap before GC invocations=43 (full 7):
 PSYoungGen      total 382976K, used 304288K [0x00000000e0000000, 0x0000000100000000, 0x0000000100000000)
  eden space 241664K, 100% used [0x00000000e0000000,0x00000000eec00000,0x00000000eec00000)
  from space 141312K, 44% used [0x00000000eec00000,0x00000000f2928188,0x00000000f7600000)
  to   space 139776K, 0% used [0x00000000f7780000,0x00000000f7780000,0x0000000100000000)
 ParOldGen       total 644608K, used 524849K [0x00000000a0000000, 0x00000000c7580000, 0x00000000e0000000)
  object space 644608K, 81% used [0x00000000a0000000,0x00000000c008c468,0x00000000c7580000)
 Metaspace       used 96236K, capacity 100769K, committed 100952K, reserved 1136640K
  class space    used 11852K, capacity 12877K, committed 12928K, reserved 1048576K
Event: 2496,872 GC heap after
Heap after GC invocations=43 (full 7):
 PSYoungGen      total 373248K, used 6916K [0x00000000e0000000, 0x00000000ff680000, 0x0000000100000000)
  eden space 243200K, 0% used [0x00000000e0000000,0x00000000e0000000,0x00000000eed80000)
  from space 130048K, 5% used [0x00000000f7780000,0x00000000f7e41330,0x00000000ff680000)
  to   space 135680K, 0% used [0x00000000eed80000,0x00000000eed80000,0x00000000f7200000)
 ParOldGen       total 644608K, used 579203K [0x00000000a0000000, 0x00000000c7580000, 0x00000000e0000000)
  object space 644608K, 89% used [0x00000000a0000000,0x00000000c35a0e88,0x00000000c7580000)
 Metaspace       used 96236K, capacity 100769K, committed 100952K, reserved 1136640K
  class space    used 11852K, capacity 12877K, committed 12928K, reserved 1048576K
}
Event: 2496,873 GC heap before
{Heap before GC invocations=44 (full 8):
 PSYoungGen      total 373248K, used 6916K [0x00000000e0000000, 0x00000000ff680000, 0x0000000100000000)
  eden space 243200K, 0% used [0x00000000e0000000,0x00000000e0000000,0x00000000eed80000)
  from space 130048K, 5% used [0x00000000f7780000,0x00000000f7e41330,0x00000000ff680000)
  to   space 135680K, 0% used [0x00000000eed80000,0x00000000eed80000,0x00000000f7200000)
 ParOldGen       total 644608K, used 579203K [0x00000000a0000000, 0x00000000c7580000, 0x00000000e0000000)
  object space 644608K, 89% used [0x00000000a0000000,0x00000000c35a0e88,0x00000000c7580000)
 Metaspace       used 96236K, capacity 100769K, committed 100952K, reserved 1136640K
  class space    used 11852K, capacity 12877K, committed 12928K, reserved 1048576K

